Base path: D:/Program Files/Unity/Unity2018.2.13f1/Editor/Data
Cmd: initializeCompiler
Cmd: compileComputeKernel
  error: 1 plat 4 at InitialPathPlanningComputeShader.compute(71): integer divides may be much slower, try using uints if possible.
  error: 1 plat 4 at InitialPathPlanningComputeShader.compute(72): integer modulus may be much slower, try using uints if possible.
  api=4 insize=3508 outsize=4309 ok=1
Cmd: initializeCompiler
Cmd: initializeCompiler
Cmd: initializeCompiler
Cmd: initializeCompiler
Cmd: initializeCompiler
Cmd: initializeCompiler
Cmd: initializeCompiler
Cmd: initializeCompiler
Cmd: initializeCompiler
Cmd: initializeCompiler
Cmd: initializeCompiler
Cmd: initializeCompiler
Cmd: initializeCompiler
Cmd: initializeCompiler
Cmd: initializeCompiler
